<?xml version="1.0" encoding="UTF-8"?>
<testsuite xmlns:xsi="http://www.w3.org/2001/XMLSchema-instance" xsi:noNamespaceSchemaLocation="https://maven.apache.org/surefire/maven-surefire-plugin/xsd/surefire-test-report-3.0.xsd" version="3.0" name="org.springframework.samples.petclinic.vets.web.VetResourceTest" time="1.662" tests="1" errors="0" skipped="0" failures="0">
  <properties>
[...]
</properties>
  <testcase name="shouldGetAListOfVets" classname="org.springframework.samples.petclinic.vets.web.VetResourceTest" time="0.069">
    <system-out><![CDATA[17:40:05.201 [main] INFO org.springframework.test.context.support.AnnotationConfigContextLoaderUtils -- Could not detect default configuration classes for test class [org.springframework.samples.petclinic.vets.web.VetResourceTest]: VetResourceTest does not declare any static, non-private, non-final, nested classes annotated with @Configuration.
17:40:05.261 [main] INFO org.springframework.boot.test.context.SpringBootTestContextBootstrapper -- Found @SpringBootConfiguration org.springframework.samples.petclinic.vets.VetsServiceApplication for test class org.springframework.samples.petclinic.vets.web.VetResourceTest
17:40:05,620 |-INFO in ch.qos.logback.core.joran.util.ConfigurationWatchListUtil@1305c126 - Adding [jar:file:/Users/macbook/.m2/repository/org/springframework/boot/spring-boot/3.2.7/spring-boot-3.2.7.jar!/org/springframework/boot/logging/logback/base.xml] to configuration watch list.
17:40:05,621 |-INFO in ch.qos.logback.core.joran.spi.ConfigurationWatchList@72f9f27c - URL [jar:file:/Users/macbook/.m2/repository/org/springframework/boot/spring-boot/3.2.7/spring-boot-3.2.7.jar!/org/springframework/boot/logging/logback/base.xml] is not of type file
17:40:05,622 |-INFO in ch.qos.logback.core.joran.util.ConfigurationWatchListUtil@1305c126 - Adding [jar:file:/Users/macbook/.m2/repository/org/springframework/boot/spring-boot/3.2.7/spring-boot-3.2.7.jar!/org/springframework/boot/logging/logback/defaults.xml] to configuration watch list.
17:40:05,622 |-INFO in ch.qos.logback.core.joran.spi.ConfigurationWatchList@72f9f27c - URL [jar:file:/Users/macbook/.m2/repository/org/springframework/boot/spring-boot/3.2.7/spring-boot-3.2.7.jar!/org/springframework/boot/logging/logback/defaults.xml] is not of type file
17:40:05,623 |-INFO in ch.qos.logback.core.joran.action.ConversionRuleAction - registering conversion word applicationName with class [org.springframework.boot.logging.logback.ApplicationNameConverter]
17:40:05,623 |-INFO in ch.qos.logback.core.joran.action.ConversionRuleAction - registering conversion word clr with class [org.springframework.boot.logging.logback.ColorConverter]
17:40:05,623 |-INFO in ch.qos.logback.core.joran.action.ConversionRuleAction - registering conversion word correlationId with class [org.springframework.boot.logging.logback.CorrelationIdConverter]
17:40:05,623 |-INFO in ch.qos.logback.core.joran.action.ConversionRuleAction - registering conversion word wex with class [org.springframework.boot.logging.logback.WhitespaceThrowableProxyConverter]
17:40:05,623 |-INFO in ch.qos.logback.core.joran.action.ConversionRuleAction - registering conversion word wEx with class [org.springframework.boot.logging.logback.ExtendedWhitespaceThrowableProxyConverter]
17:40:05,623 |-INFO in ch.qos.logback.core.joran.util.ConfigurationWatchListUtil@1305c126 - Adding [jar:file:/Users/macbook/.m2/repository/org/springframework/boot/spring-boot/3.2.7/spring-boot-3.2.7.jar!/org/springframework/boot/logging/logback/console-appender.xml] to configuration watch list.
17:40:05,623 |-INFO in ch.qos.logback.core.joran.spi.ConfigurationWatchList@72f9f27c - URL [jar:file:/Users/macbook/.m2/repository/org/springframework/boot/spring-boot/3.2.7/spring-boot-3.2.7.jar!/org/springframework/boot/logging/logback/console-appender.xml] is not of type file
17:40:05,625 |-INFO in ch.qos.logback.core.joran.util.ConfigurationWatchListUtil@1305c126 - Adding [jar:file:/Users/macbook/.m2/repository/org/springframework/boot/spring-boot/3.2.7/spring-boot-3.2.7.jar!/org/springframework/boot/logging/logback/file-appender.xml] to configuration watch list.
17:40:05,625 |-INFO in ch.qos.logback.core.joran.spi.ConfigurationWatchList@72f9f27c - URL [jar:file:/Users/macbook/.m2/repository/org/springframework/boot/spring-boot/3.2.7/spring-boot-3.2.7.jar!/org/springframework/boot/logging/logback/file-appender.xml] is not of type file
17:40:05,638 |-WARN in ch.qos.logback.core.model.processor.ImplicitModelHandler - Ignoring unknown property [jmxConfigurator] in [ch.qos.logback.classic.LoggerContext]
17:40:05,639 |-INFO in ch.qos.logback.classic.model.processor.LoggerModelHandler - Setting level of logger [org.apache.catalina.startup.DigesterFactory] to ERROR
17:40:05,639 |-INFO in ch.qos.logback.classic.jul.LevelChangePropagator@4c1bdcc2 - Propagating ERROR level on Logger[org.apache.catalina.startup.DigesterFactory] onto the JUL framework
17:40:05,639 |-INFO in ch.qos.logback.classic.model.processor.LoggerModelHandler - Setting level of logger [org.apache.catalina.util.LifecycleBase] to ERROR
17:40:05,639 |-INFO in ch.qos.logback.classic.jul.LevelChangePropagator@4c1bdcc2 - Propagating ERROR level on Logger[org.apache.catalina.util.LifecycleBase] onto the JUL framework
17:40:05,639 |-INFO in ch.qos.logback.classic.model.processor.LoggerModelHandler - Setting level of logger [org.apache.coyote.http11.Http11NioProtocol] to WARN
17:40:05,639 |-INFO in ch.qos.logback.classic.jul.LevelChangePropagator@4c1bdcc2 - Propagating WARN level on Logger[org.apache.coyote.http11.Http11NioProtocol] onto the JUL framework
17:40:05,639 |-INFO in ch.qos.logback.classic.model.processor.LoggerModelHandler - Setting level of logger [org.apache.sshd.common.util.SecurityUtils] to WARN
17:40:05,639 |-INFO in ch.qos.logback.classic.jul.LevelChangePropagator@4c1bdcc2 - Propagating WARN level on Logger[org.apache.sshd.common.util.SecurityUtils] onto the JUL framework
17:40:05,639 |-INFO in ch.qos.logback.classic.model.processor.LoggerModelHandler - Setting level of logger [org.apache.tomcat.util.net.NioSelectorPool] to WARN
17:40:05,639 |-INFO in ch.qos.logback.classic.jul.LevelChangePropagator@4c1bdcc2 - Propagating WARN level on Logger[org.apache.tomcat.util.net.NioSelectorPool] onto the JUL framework
17:40:05,639 |-INFO in ch.qos.logback.classic.model.processor.LoggerModelHandler - Setting level of logger [org.eclipse.jetty.util.component.AbstractLifeCycle] to ERROR
17:40:05,639 |-INFO in ch.qos.logback.classic.jul.LevelChangePropagator@4c1bdcc2 - Propagating ERROR level on Logger[org.eclipse.jetty.util.component.AbstractLifeCycle] onto the JUL framework
17:40:05,639 |-INFO in ch.qos.logback.classic.model.processor.LoggerModelHandler - Setting level of logger [org.hibernate.validator.internal.util.Version] to WARN
17:40:05,639 |-INFO in ch.qos.logback.classic.jul.LevelChangePropagator@4c1bdcc2 - Propagating WARN level on Logger[org.hibernate.validator.internal.util.Version] onto the JUL framework
17:40:05,639 |-INFO in ch.qos.logback.classic.model.processor.LoggerModelHandler - Setting level of logger [org.springframework.boot.actuate.endpoint.jmx] to WARN
17:40:05,639 |-INFO in ch.qos.logback.classic.jul.LevelChangePropagator@4c1bdcc2 - Propagating WARN level on Logger[org.springframework.boot.actuate.endpoint.jmx] onto the JUL framework
17:40:05,639 |-INFO in ch.qos.logback.core.model.processor.AppenderModelHandler - Processing appender named [CONSOLE]
17:40:05,639 |-INFO in ch.qos.logback.core.model.processor.AppenderModelHandler - About to instantiate appender of type [ch.qos.logback.core.ConsoleAppender]
17:40:05,640 |-INFO in ch.qos.logback.core.model.processor.ImplicitModelHandler - Assuming default type [ch.qos.logback.classic.encoder.PatternLayoutEncoder] for [encoder] property
17:40:05,647 |-INFO in ch.qos.logback.core.model.processor.AppenderModelHandler - Processing appender named [FILE]
17:40:05,647 |-INFO in ch.qos.logback.core.model.processor.AppenderModelHandler - About to instantiate appender of type [ch.qos.logback.core.rolling.RollingFileAppender]
17:40:05,648 |-INFO in ch.qos.logback.core.model.processor.ImplicitModelHandler - Assuming default type [ch.qos.logback.classic.encoder.PatternLayoutEncoder] for [encoder] property
17:40:05,650 |-INFO in c.q.l.core.rolling.SizeAndTimeBasedRollingPolicy@1982216126 - setting totalSizeCap to 0 Bytes
17:40:05,651 |-INFO in c.q.l.core.rolling.SizeAndTimeBasedRollingPolicy@1982216126 - Archive files will be limited to [10 MB] each.
17:40:05,651 |-INFO in c.q.l.core.rolling.SizeAndTimeBasedRollingPolicy@1982216126 - Will use gz compression
17:40:05,652 |-INFO in c.q.l.core.rolling.SizeAndTimeBasedRollingPolicy@1982216126 - Will use the pattern /var/folders/3k/ksjl2jsn143fn68w_1hmjqkc0000gn/T//spring.log.%d{yyyy-MM-dd}.%i for the active file
17:40:05,655 |-INFO in ch.qos.logback.core.rolling.SizeAndTimeBasedFNATP@4b97c4ad - The date pattern is 'yyyy-MM-dd' from file name pattern '/var/folders/3k/ksjl2jsn143fn68w_1hmjqkc0000gn/T//spring.log.%d{yyyy-MM-dd}.%i.gz'.
17:40:05,655 |-INFO in ch.qos.logback.core.rolling.SizeAndTimeBasedFNATP@4b97c4ad - Roll-over at midnight.
17:40:05,656 |-INFO in ch.qos.logback.core.rolling.SizeAndTimeBasedFNATP@4b97c4ad - Setting initial period to 2025-01-20T16:40:03.809Z
17:40:05,658 |-INFO in ch.qos.logback.core.rolling.RollingFileAppender[FILE] - Active log file name: /var/folders/3k/ksjl2jsn143fn68w_1hmjqkc0000gn/T//spring.log
17:40:05,658 |-INFO in ch.qos.logback.core.rolling.RollingFileAppender[FILE] - File property is set to [/var/folders/3k/ksjl2jsn143fn68w_1hmjqkc0000gn/T//spring.log]
17:40:05,659 |-INFO in ch.qos.logback.classic.model.processor.RootLoggerModelHandler - Setting level of ROOT logger to INFO
17:40:05,659 |-INFO in ch.qos.logback.classic.jul.LevelChangePropagator@4c1bdcc2 - Propagating INFO level on Logger[ROOT] onto the JUL framework
17:40:05,659 |-INFO in ch.qos.logback.core.model.processor.AppenderRefModelHandler - Attaching appender named [CONSOLE] to Logger[ROOT]
17:40:05,659 |-INFO in ch.qos.logback.core.model.processor.AppenderRefModelHandler - Attaching appender named [FILE] to Logger[ROOT]
17:40:05,659 |-INFO in ch.qos.logback.core.model.processor.DefaultProcessor@7640a5b1 - End of configuration.
17:40:05,659 |-INFO in org.springframework.boot.logging.logback.SpringBootJoranConfigurator@642f9a77 - Registering current configuration as safe fallback point


  .   ____          _            __ _ _
 /\\ / ___'_ __ _ _(_)_ __  __ _ \ \ \ \
( ( )\___ | '_ | '_| | '_ \/ _` | \ \ \ \
 \\/  ___)| |_)| | | | | || (_| |  ) ) ) )
  '  |____| .__|_| |_|_| |_\__, | / / / /
 =========|_|==============|___/=/_/_/_/
 :: Spring Boot ::                (v3.2.7)

2025-01-20T17:40:05.684+01:00  INFO 87594 --- [vets-service] [           main] [                                                 ] o.s.s.p.vets.web.VetResourceTest         : Starting VetResourceTest using Java 17.0.7 with PID 87594 (started by macbook in /Users/macbook/bt_local/test_projects/spring-petclinic-microservices/spring-petclinic-vets-service)
2025-01-20T17:40:05.685+01:00  INFO 87594 --- [vets-service] [           main] [                                                 ] o.s.s.p.vets.web.VetResourceTest         : The following 1 profile is active: "test"
2025-01-20T17:40:05.693+01:00  INFO 87594 --- [vets-service] [           main] [                                                 ] o.s.c.c.c.ConfigServerConfigDataLoader   : Fetching config from server at : http://localhost:8888/
2025-01-20T17:40:05.693+01:00  INFO 87594 --- [vets-service] [           main] [                                                 ] o.s.c.c.c.ConfigServerConfigDataLoader   : Exception on Url - http://localhost:8888/:org.springframework.web.client.ResourceAccessException: I/O error on GET request for "http://localhost:8888/vets-service/default": Connection refused. Will be trying the next url if available
2025-01-20T17:40:05.693+01:00  WARN 87594 --- [vets-service] [           main] [                                                 ] o.s.c.c.c.ConfigServerConfigDataLoader   : Could not locate PropertySource ([ConfigServerConfigDataResource@3ec2ecea uris = array<String>['http://localhost:8888/'], optional = true, profiles = 'default']): I/O error on GET request for "http://localhost:8888/vets-service/default": Connection refused
2025-01-20T17:40:05.693+01:00  INFO 87594 --- [vets-service] [           main] [                                                 ] o.s.c.c.c.ConfigServerConfigDataLoader   : Fetching config from server at : http://localhost:8888/
2025-01-20T17:40:05.693+01:00  INFO 87594 --- [vets-service] [           main] [                                                 ] o.s.c.c.c.ConfigServerConfigDataLoader   : Exception on Url - http://localhost:8888/:org.springframework.web.client.ResourceAccessException: I/O error on GET request for "http://localhost:8888/vets-service/test": Connection refused. Will be trying the next url if available
2025-01-20T17:40:05.693+01:00  WARN 87594 --- [vets-service] [           main] [                                                 ] o.s.c.c.c.ConfigServerConfigDataLoader   : Could not locate PropertySource ([ConfigServerConfigDataResource@4016ccc1 uris = array<String>['http://localhost:8888/'], optional = true, profiles = 'test']): I/O error on GET request for "http://localhost:8888/vets-service/test": Connection refused
2025-01-20T17:40:05.693+01:00  INFO 87594 --- [vets-service] [           main] [                                                 ] o.s.c.c.c.ConfigServerConfigDataLoader   : Fetching config from server at : http://localhost:8888/
2025-01-20T17:40:05.693+01:00  INFO 87594 --- [vets-service] [           main] [                                                 ] o.s.c.c.c.ConfigServerConfigDataLoader   : Exception on Url - http://localhost:8888/:org.springframework.web.client.ResourceAccessException: I/O error on GET request for "http://localhost:8888/vets-service/default": Connection refused. Will be trying the next url if available
2025-01-20T17:40:05.693+01:00  WARN 87594 --- [vets-service] [           main] [                                                 ] o.s.c.c.c.ConfigServerConfigDataLoader   : Could not locate PropertySource ([ConfigServerConfigDataResource@46cb98a3 uris = array<String>['http://localhost:8888/'], optional = true, profiles = 'default']): I/O error on GET request for "http://localhost:8888/vets-service/default": Connection refused
2025-01-20T17:40:06.693+01:00  INFO 87594 --- [vets-service] [           main] [                                                 ] o.s.b.t.m.w.SpringBootMockServletContext : Initializing Spring TestDispatcherServlet ''
2025-01-20T17:40:06.694+01:00  INFO 87594 --- [vets-service] [           main] [                                                 ] o.s.t.web.servlet.TestDispatcherServlet  : Initializing Servlet ''
2025-01-20T17:40:06.694+01:00  INFO 87594 --- [vets-service] [           main] [                                                 ] o.s.t.web.servlet.TestDispatcherServlet  : Completed initialization in 0 ms
2025-01-20T17:40:06.706+01:00  INFO 87594 --- [vets-service] [           main] [                                                 ] o.s.s.p.vets.web.VetResourceTest         : Started VetResourceTest in 1.416 seconds (process running for 1.826)
]]></system-out>
  </testcase>
</testsuite>