<?xml version="1.0" encoding="UTF-8"?>
<testsuite xmlns:xsi="http://www.w3.org/2001/XMLSchema-instance" xsi:noNamespaceSchemaLocation="https://maven.apache.org/surefire/maven-surefire-plugin/xsd/surefire-test-report-3.0.xsd" version="3.0" name="org.springframework.samples.petclinic.config.PetclinicConfigServerApplicationTests" time="1.54" tests="1" errors="0" skipped="0" failures="0">
  <properties>
[...]
</properties>
  <testcase name="contextLoads" classname="org.springframework.samples.petclinic.config.PetclinicConfigServerApplicationTests" time="0.428">
    <system-out><![CDATA[17:40:10.322 [main] INFO org.springframework.test.context.support.AnnotationConfigContextLoaderUtils -- Could not detect default configuration classes for test class [org.springframework.samples.petclinic.config.PetclinicConfigServerApplicationTests]: PetclinicConfigServerApplicationTests does not declare any static, non-private, non-final, nested classes annotated with @Configuration.
17:40:10.362 [main] INFO org.springframework.boot.test.context.SpringBootTestContextBootstrapper -- Found @SpringBootConfiguration org.springframework.samples.petclinic.config.ConfigServerApplication for test class org.springframework.samples.petclinic.config.PetclinicConfigServerApplicationTests

  .   ____          _            __ _ _
 /\\ / ___'_ __ _ _(_)_ __  __ _ \ \ \ \
( ( )\___ | '_ | '_| | '_ \/ _` | \ \ \ \
 \\/  ___)| |_)| | | | | || (_| |  ) ) ) )
  '  |____| .__|_| |_|_| |_\__, | / / / /
 =========|_|==============|___/=/_/_/_/
 :: Spring Boot ::                (v3.2.7)

2025-01-20T17:40:10.557+01:00  INFO 87607 --- [           main] .c.PetclinicConfigServerApplicationTests : Starting PetclinicConfigServerApplicationTests using Java 17.0.7 with PID 87607 (started by macbook in /Users/macbook/bt_local/test_projects/spring-petclinic-microservices/spring-petclinic-config-server)
2025-01-20T17:40:10.557+01:00  INFO 87607 --- [           main] .c.PetclinicConfigServerApplicationTests : No active profile set, falling back to 1 default profile: "default"
2025-01-20T17:40:10.919+01:00  INFO 87607 --- [           main] o.s.cloud.context.scope.GenericScope     : BeanFactory id=61469c84-0c8f-32a8-bfd0-e4ba072168f2
2025-01-20T17:40:11.036+01:00  INFO 87607 --- [           main] o.s.b.a.w.s.WelcomePageHandlerMapping    : Adding welcome page: class path resource [static/index.html]
2025-01-20T17:40:11.358+01:00  INFO 87607 --- [           main] .c.PetclinicConfigServerApplicationTests : Started PetclinicConfigServerApplicationTests in 0.943 seconds (process running for 1.318)
]]></system-out>
  </testcase>
</testsuite>