<?xml version="1.0" encoding="UTF-8"?>
<testsuite xmlns:xsi="http://www.w3.org/2001/XMLSchema-instance" xsi:noNamespaceSchemaLocation="https://maven.apache.org/surefire/maven-surefire-plugin/xsd/surefire-test-report-3.0.xsd" version="3.0" name="org.springframework.samples.petclinic.api.ApiGatewayApplicationTests" time="1.309" tests="1" errors="0" skipped="0" failures="0">
  <properties>
[...]
</properties>
  <testcase name="contextLoads" classname="org.springframework.samples.petclinic.api.ApiGatewayApplicationTests" time="0.003">
    <system-out><![CDATA[2025-01-20T17:40:21.076+01:00  INFO 87614 --- [api-gateway] [           main] [                                                 ] t.c.s.AnnotationConfigContextLoaderUtils : Could not detect default configuration classes for test class [org.springframework.samples.petclinic.api.ApiGatewayApplicationTests]: ApiGatewayApplicationTests does not declare any static, non-private, non-final, nested classes annotated with @Configuration.
2025-01-20T17:40:21.080+01:00  INFO 87614 --- [api-gateway] [           main] [                                                 ] .b.t.c.SpringBootTestContextBootstrapper : Found @SpringBootConfiguration org.springframework.samples.petclinic.api.ApiGatewayApplication for test class org.springframework.samples.petclinic.api.ApiGatewayApplicationTests
2025-01-20T17:40:21.084+01:00  INFO 87614 --- [api-gateway] [           main] [                                                 ] o.s.b.d.r.RestartApplicationListener     : Restart disabled due to context in which it is running
17:40:21,128 |-INFO in ch.qos.logback.core.joran.util.ConfigurationWatchListUtil@72f9f27c - Adding [jar:file:/Users/macbook/.m2/repository/org/springframework/boot/spring-boot/3.2.7/spring-boot-3.2.7.jar!/org/springframework/boot/logging/logback/base.xml] to configuration watch list.
17:40:21,128 |-INFO in ch.qos.logback.core.joran.spi.ConfigurationWatchList@56a9a7b5 - URL [jar:file:/Users/macbook/.m2/repository/org/springframework/boot/spring-boot/3.2.7/spring-boot-3.2.7.jar!/org/springframework/boot/logging/logback/base.xml] is not of type file
17:40:21,129 |-INFO in ch.qos.logback.core.joran.util.ConfigurationWatchListUtil@72f9f27c - Adding [jar:file:/Users/macbook/.m2/repository/org/springframework/boot/spring-boot/3.2.7/spring-boot-3.2.7.jar!/org/springframework/boot/logging/logback/defaults.xml] to configuration watch list.
17:40:21,129 |-INFO in ch.qos.logback.core.joran.spi.ConfigurationWatchList@56a9a7b5 - URL [jar:file:/Users/macbook/.m2/repository/org/springframework/boot/spring-boot/3.2.7/spring-boot-3.2.7.jar!/org/springframework/boot/logging/logback/defaults.xml] is not of type file
17:40:21,130 |-INFO in ch.qos.logback.core.joran.action.ConversionRuleAction - registering conversion word applicationName with class [org.springframework.boot.logging.logback.ApplicationNameConverter]
17:40:21,130 |-INFO in ch.qos.logback.core.joran.action.ConversionRuleAction - registering conversion word clr with class [org.springframework.boot.logging.logback.ColorConverter]
17:40:21,130 |-INFO in ch.qos.logback.core.joran.action.ConversionRuleAction - registering conversion word correlationId with class [org.springframework.boot.logging.logback.CorrelationIdConverter]
17:40:21,130 |-INFO in ch.qos.logback.core.joran.action.ConversionRuleAction - registering conversion word wex with class [org.springframework.boot.logging.logback.WhitespaceThrowableProxyConverter]
17:40:21,130 |-INFO in ch.qos.logback.core.joran.action.ConversionRuleAction - registering conversion word wEx with class [org.springframework.boot.logging.logback.ExtendedWhitespaceThrowableProxyConverter]
17:40:21,130 |-INFO in ch.qos.logback.core.joran.util.ConfigurationWatchListUtil@72f9f27c - Adding [jar:file:/Users/macbook/.m2/repository/org/springframework/boot/spring-boot/3.2.7/spring-boot-3.2.7.jar!/org/springframework/boot/logging/logback/console-appender.xml] to configuration watch list.
17:40:21,130 |-INFO in ch.qos.logback.core.joran.spi.ConfigurationWatchList@56a9a7b5 - URL [jar:file:/Users/macbook/.m2/repository/org/springframework/boot/spring-boot/3.2.7/spring-boot-3.2.7.jar!/org/springframework/boot/logging/logback/console-appender.xml] is not of type file
17:40:21,131 |-INFO in ch.qos.logback.core.joran.util.ConfigurationWatchListUtil@72f9f27c - Adding [jar:file:/Users/macbook/.m2/repository/org/springframework/boot/spring-boot/3.2.7/spring-boot-3.2.7.jar!/org/springframework/boot/logging/logback/file-appender.xml] to configuration watch list.
17:40:21,131 |-INFO in ch.qos.logback.core.joran.spi.ConfigurationWatchList@56a9a7b5 - URL [jar:file:/Users/macbook/.m2/repository/org/springframework/boot/spring-boot/3.2.7/spring-boot-3.2.7.jar!/org/springframework/boot/logging/logback/file-appender.xml] is not of type file
17:40:21,133 |-WARN in ch.qos.logback.core.model.processor.ImplicitModelHandler - Ignoring unknown property [jmxConfigurator] in [ch.qos.logback.classic.LoggerContext]
17:40:21,133 |-INFO in ch.qos.logback.classic.model.processor.LoggerModelHandler - Setting level of logger [org.apache.catalina.startup.DigesterFactory] to ERROR
17:40:21,133 |-INFO in ch.qos.logback.classic.jul.LevelChangePropagator@1dd247b - Propagating ERROR level on Logger[org.apache.catalina.startup.DigesterFactory] onto the JUL framework
17:40:21,133 |-INFO in ch.qos.logback.classic.model.processor.LoggerModelHandler - Setting level of logger [org.apache.catalina.util.LifecycleBase] to ERROR
17:40:21,133 |-INFO in ch.qos.logback.classic.jul.LevelChangePropagator@1dd247b - Propagating ERROR level on Logger[org.apache.catalina.util.LifecycleBase] onto the JUL framework
17:40:21,133 |-INFO in ch.qos.logback.classic.model.processor.LoggerModelHandler - Setting level of logger [org.apache.coyote.http11.Http11NioProtocol] to WARN
17:40:21,133 |-INFO in ch.qos.logback.classic.jul.LevelChangePropagator@1dd247b - Propagating WARN level on Logger[org.apache.coyote.http11.Http11NioProtocol] onto the JUL framework
17:40:21,133 |-INFO in ch.qos.logback.classic.model.processor.LoggerModelHandler - Setting level of logger [org.apache.sshd.common.util.SecurityUtils] to WARN
17:40:21,133 |-INFO in ch.qos.logback.classic.jul.LevelChangePropagator@1dd247b - Propagating WARN level on Logger[org.apache.sshd.common.util.SecurityUtils] onto the JUL framework
17:40:21,133 |-INFO in ch.qos.logback.classic.model.processor.LoggerModelHandler - Setting level of logger [org.apache.tomcat.util.net.NioSelectorPool] to WARN
17:40:21,133 |-INFO in ch.qos.logback.classic.jul.LevelChangePropagator@1dd247b - Propagating WARN level on Logger[org.apache.tomcat.util.net.NioSelectorPool] onto the JUL framework
17:40:21,133 |-INFO in ch.qos.logback.classic.model.processor.LoggerModelHandler - Setting level of logger [org.eclipse.jetty.util.component.AbstractLifeCycle] to ERROR
17:40:21,133 |-INFO in ch.qos.logback.classic.jul.LevelChangePropagator@1dd247b - Propagating ERROR level on Logger[org.eclipse.jetty.util.component.AbstractLifeCycle] onto the JUL framework
17:40:21,133 |-INFO in ch.qos.logback.classic.model.processor.LoggerModelHandler - Setting level of logger [org.hibernate.validator.internal.util.Version] to WARN
17:40:21,133 |-INFO in ch.qos.logback.classic.jul.LevelChangePropagator@1dd247b - Propagating WARN level on Logger[org.hibernate.validator.internal.util.Version] onto the JUL framework
17:40:21,133 |-INFO in ch.qos.logback.classic.model.processor.LoggerModelHandler - Setting level of logger [org.springframework.boot.actuate.endpoint.jmx] to WARN
17:40:21,133 |-INFO in ch.qos.logback.classic.jul.LevelChangePropagator@1dd247b - Propagating WARN level on Logger[org.springframework.boot.actuate.endpoint.jmx] onto the JUL framework
17:40:21,134 |-INFO in ch.qos.logback.core.model.processor.AppenderModelHandler - Processing appender named [CONSOLE]
17:40:21,134 |-INFO in ch.qos.logback.core.model.processor.AppenderModelHandler - About to instantiate appender of type [ch.qos.logback.core.ConsoleAppender]
17:40:21,134 |-INFO in ch.qos.logback.core.model.processor.ImplicitModelHandler - Assuming default type [ch.qos.logback.classic.encoder.PatternLayoutEncoder] for [encoder] property
17:40:21,134 |-INFO in ch.qos.logback.core.model.processor.AppenderModelHandler - Processing appender named [FILE]
17:40:21,134 |-INFO in ch.qos.logback.core.model.processor.AppenderModelHandler - About to instantiate appender of type [ch.qos.logback.core.rolling.RollingFileAppender]
17:40:21,135 |-INFO in ch.qos.logback.core.model.processor.ImplicitModelHandler - Assuming default type [ch.qos.logback.classic.encoder.PatternLayoutEncoder] for [encoder] property
17:40:21,135 |-INFO in c.q.l.core.rolling.SizeAndTimeBasedRollingPolicy@864186602 - setting totalSizeCap to 0 Bytes
17:40:21,135 |-INFO in c.q.l.core.rolling.SizeAndTimeBasedRollingPolicy@864186602 - Archive files will be limited to [10 MB] each.
17:40:21,135 |-INFO in c.q.l.core.rolling.SizeAndTimeBasedRollingPolicy@864186602 - Will use gz compression
17:40:21,136 |-INFO in c.q.l.core.rolling.SizeAndTimeBasedRollingPolicy@864186602 - Will use the pattern /var/folders/3k/ksjl2jsn143fn68w_1hmjqkc0000gn/T//spring.log.%d{yyyy-MM-dd}.%i for the active file
17:40:21,136 |-INFO in ch.qos.logback.core.rolling.SizeAndTimeBasedFNATP@7f64bd7 - The date pattern is 'yyyy-MM-dd' from file name pattern '/var/folders/3k/ksjl2jsn143fn68w_1hmjqkc0000gn/T//spring.log.%d{yyyy-MM-dd}.%i.gz'.
17:40:21,136 |-INFO in ch.qos.logback.core.rolling.SizeAndTimeBasedFNATP@7f64bd7 - Roll-over at midnight.
17:40:21,136 |-INFO in ch.qos.logback.core.rolling.SizeAndTimeBasedFNATP@7f64bd7 - Setting initial period to 2025-01-20T16:40:21.084Z
17:40:21,137 |-INFO in ch.qos.logback.core.rolling.RollingFileAppender[FILE] - Active log file name: /var/folders/3k/ksjl2jsn143fn68w_1hmjqkc0000gn/T//spring.log
17:40:21,137 |-INFO in ch.qos.logback.core.rolling.RollingFileAppender[FILE] - File property is set to [/var/folders/3k/ksjl2jsn143fn68w_1hmjqkc0000gn/T//spring.log]
17:40:21,137 |-INFO in ch.qos.logback.classic.model.processor.RootLoggerModelHandler - Setting level of ROOT logger to INFO
17:40:21,137 |-INFO in ch.qos.logback.classic.jul.LevelChangePropagator@1dd247b - Propagating INFO level on Logger[ROOT] onto the JUL framework
17:40:21,137 |-INFO in ch.qos.logback.core.model.processor.AppenderRefModelHandler - Attaching appender named [CONSOLE] to Logger[ROOT]
17:40:21,137 |-INFO in ch.qos.logback.core.model.processor.AppenderRefModelHandler - Attaching appender named [FILE] to Logger[ROOT]
17:40:21,137 |-INFO in ch.qos.logback.core.model.processor.DefaultProcessor@1c79d093 - End of configuration.
17:40:21,137 |-INFO in org.springframework.boot.logging.logback.SpringBootJoranConfigurator@746fd19b - Registering current configuration as safe fallback point


  .   ____          _            __ _ _
 /\\ / ___'_ __ _ _(_)_ __  __ _ \ \ \ \
( ( )\___ | '_ | '_| | '_ \/ _` | \ \ \ \
 \\/  ___)| |_)| | | | | || (_| |  ) ) ) )
  '  |____| .__|_| |_|_| |_\__, | / / / /
 =========|_|==============|___/=/_/_/_/
 :: Spring Boot ::                (v3.2.7)

2025-01-20T17:40:21.141+01:00  INFO 87614 --- [api-gateway] [           main] [                                                 ] o.s.s.p.api.ApiGatewayApplicationTests   : Starting ApiGatewayApplicationTests using Java 17.0.7 with PID 87614 (started by macbook in /Users/macbook/bt_local/test_projects/spring-petclinic-microservices/spring-petclinic-api-gateway)
2025-01-20T17:40:21.142+01:00  INFO 87614 --- [api-gateway] [           main] [                                                 ] o.s.s.p.api.ApiGatewayApplicationTests   : The following 1 profile is active: "test"
2025-01-20T17:40:21.143+01:00  INFO 87614 --- [api-gateway] [           main] [                                                 ] o.s.c.c.c.ConfigServerConfigDataLoader   : Fetching config from server at : http://localhost:8888/
2025-01-20T17:40:21.143+01:00  INFO 87614 --- [api-gateway] [           main] [                                                 ] o.s.c.c.c.ConfigServerConfigDataLoader   : Exception on Url - http://localhost:8888/:org.springframework.web.client.ResourceAccessException: I/O error on GET request for "http://localhost:8888/api-gateway/default": Connection refused. Will be trying the next url if available
2025-01-20T17:40:21.143+01:00  WARN 87614 --- [api-gateway] [           main] [                                                 ] o.s.c.c.c.ConfigServerConfigDataLoader   : Could not locate PropertySource ([ConfigServerConfigDataResource@2447940d uris = array<String>['http://localhost:8888/'], optional = true, profiles = 'default']): I/O error on GET request for "http://localhost:8888/api-gateway/default": Connection refused
2025-01-20T17:40:21.143+01:00  INFO 87614 --- [api-gateway] [           main] [                                                 ] o.s.c.c.c.ConfigServerConfigDataLoader   : Fetching config from server at : http://localhost:8888/
2025-01-20T17:40:21.143+01:00  INFO 87614 --- [api-gateway] [           main] [                                                 ] o.s.c.c.c.ConfigServerConfigDataLoader   : Exception on Url - http://localhost:8888/:org.springframework.web.client.ResourceAccessException: I/O error on GET request for "http://localhost:8888/api-gateway/test": Connection refused. Will be trying the next url if available
2025-01-20T17:40:21.144+01:00  WARN 87614 --- [api-gateway] [           main] [                                                 ] o.s.c.c.c.ConfigServerConfigDataLoader   : Could not locate PropertySource ([ConfigServerConfigDataResource@70e1aa20 uris = array<String>['http://localhost:8888/'], optional = true, profiles = 'test']): I/O error on GET request for "http://localhost:8888/api-gateway/test": Connection refused
2025-01-20T17:40:21.144+01:00  INFO 87614 --- [api-gateway] [           main] [                                                 ] o.s.c.c.c.ConfigServerConfigDataLoader   : Fetching config from server at : http://localhost:8888/
2025-01-20T17:40:21.144+01:00  INFO 87614 --- [api-gateway] [           main] [                                                 ] o.s.c.c.c.ConfigServerConfigDataLoader   : Exception on Url - http://localhost:8888/:org.springframework.web.client.ResourceAccessException: I/O error on GET request for "http://localhost:8888/api-gateway/default": Connection refused. Will be trying the next url if available
2025-01-20T17:40:21.144+01:00  WARN 87614 --- [api-gateway] [           main] [                                                 ] o.s.c.c.c.ConfigServerConfigDataLoader   : Could not locate PropertySource ([ConfigServerConfigDataResource@e67d3b7 uris = array<String>['http://localhost:8888/'], optional = true, profiles = 'default']): I/O error on GET request for "http://localhost:8888/api-gateway/default": Connection refused
2025-01-20T17:40:21.603+01:00  INFO 87614 --- [api-gateway] [           main] [                                                 ] o.s.cloud.context.scope.GenericScope     : BeanFactory id=a2900abf-7580-3894-abb1-fc6fcfbdf4d3
2025-01-20T17:40:21.630+01:00  WARN 87614 --- [api-gateway] [           main] [                                                 ] trationDelegate$BeanPostProcessorChecker : Bean 'org.springframework.cloud.client.loadbalancer.LoadBalancerAutoConfiguration$DeferringLoadBalancerInterceptorConfig' of type [org.springframework.cloud.client.loadbalancer.LoadBalancerAutoConfiguration$DeferringLoadBalancerInterceptorConfig] is not eligible for getting processed by all BeanPostProcessors (for example: not eligible for auto-proxying). The currently created BeanPostProcessor [lbRestClientPostProcessor] is declared through a non-static factory method on that class; consider declaring it as static instead.
2025-01-20T17:40:21.631+01:00  WARN 87614 --- [api-gateway] [           main] [                                                 ] trationDelegate$BeanPostProcessorChecker : Bean 'deferringLoadBalancerInterceptor' of type [org.springframework.cloud.client.loadbalancer.DeferringLoadBalancerInterceptor] is not eligible for getting processed by all BeanPostProcessors (for example: not eligible for auto-proxying). Is this bean getting eagerly injected into a currently created BeanPostProcessor [lbRestClientPostProcessor]? Check the corresponding BeanPostProcessor declaration and its dependencies.
2025-01-20T17:40:21.632+01:00  WARN 87614 --- [api-gateway] [           main] [                                                 ] trationDelegate$BeanPostProcessorChecker : Bean 'org.springframework.cloud.client.loadbalancer.reactive.LoadBalancerBeanPostProcessorAutoConfiguration' of type [org.springframework.cloud.client.loadbalancer.reactive.LoadBalancerBeanPostProcessorAutoConfiguration] is not eligible for getting processed by all BeanPostProcessors (for example: not eligible for auto-proxying). The currently created BeanPostProcessor [loadBalancerWebClientBuilderBeanPostProcessor] is declared through a non-static factory method on that class; consider declaring it as static instead.
2025-01-20T17:40:21.633+01:00  WARN 87614 --- [api-gateway] [           main] [                                                 ] trationDelegate$BeanPostProcessorChecker : Bean 'org.springframework.cloud.client.loadbalancer.reactive.LoadBalancerBeanPostProcessorAutoConfiguration$ReactorDeferringLoadBalancerFilterConfig' of type [org.springframework.cloud.client.loadbalancer.reactive.LoadBalancerBeanPostProcessorAutoConfiguration$ReactorDeferringLoadBalancerFilterConfig] is not eligible for getting processed by all BeanPostProcessors (for example: not eligible for auto-proxying). Is this bean getting eagerly injected into a currently created BeanPostProcessor [loadBalancerWebClientBuilderBeanPostProcessor]? Check the corresponding BeanPostProcessor declaration and its dependencies.
2025-01-20T17:40:21.633+01:00  WARN 87614 --- [api-gateway] [           main] [                                                 ] trationDelegate$BeanPostProcessorChecker : Bean 'reactorDeferringLoadBalancerExchangeFilterFunction' of type [org.springframework.cloud.client.loadbalancer.reactive.DeferringLoadBalancerExchangeFilterFunction] is not eligible for getting processed by all BeanPostProcessors (for example: not eligible for auto-proxying). Is this bean getting eagerly injected into a currently created BeanPostProcessor [loadBalancerWebClientBuilderBeanPostProcessor]? Check the corresponding BeanPostProcessor declaration and its dependencies.
2025-01-20T17:40:21.859+01:00  INFO 87614 --- [api-gateway] [           main] [                                                 ] o.s.c.g.r.RouteDefinitionRouteLocator    : Loaded RoutePredicateFactory [After]
2025-01-20T17:40:21.859+01:00  INFO 87614 --- [api-gateway] [           main] [                                                 ] o.s.c.g.r.RouteDefinitionRouteLocator    : Loaded RoutePredicateFactory [Before]
2025-01-20T17:40:21.859+01:00  INFO 87614 --- [api-gateway] [           main] [                                                 ] o.s.c.g.r.RouteDefinitionRouteLocator    : Loaded RoutePredicateFactory [Between]
2025-01-20T17:40:21.859+01:00  INFO 87614 --- [api-gateway] [           main] [                                                 ] o.s.c.g.r.RouteDefinitionRouteLocator    : Loaded RoutePredicateFactory [Cookie]
2025-01-20T17:40:21.860+01:00  INFO 87614 --- [api-gateway] [           main] [                                                 ] o.s.c.g.r.RouteDefinitionRouteLocator    : Loaded RoutePredicateFactory [Header]
2025-01-20T17:40:21.860+01:00  INFO 87614 --- [api-gateway] [           main] [                                                 ] o.s.c.g.r.RouteDefinitionRouteLocator    : Loaded RoutePredicateFactory [Host]
2025-01-20T17:40:21.860+01:00  INFO 87614 --- [api-gateway] [           main] [                                                 ] o.s.c.g.r.RouteDefinitionRouteLocator    : Loaded RoutePredicateFactory [Method]
2025-01-20T17:40:21.860+01:00  INFO 87614 --- [api-gateway] [           main] [                                                 ] o.s.c.g.r.RouteDefinitionRouteLocator    : Loaded RoutePredicateFactory [Path]
2025-01-20T17:40:21.860+01:00  INFO 87614 --- [api-gateway] [           main] [                                                 ] o.s.c.g.r.RouteDefinitionRouteLocator    : Loaded RoutePredicateFactory [Query]
2025-01-20T17:40:21.860+01:00  INFO 87614 --- [api-gateway] [           main] [                                                 ] o.s.c.g.r.RouteDefinitionRouteLocator    : Loaded RoutePredicateFactory [ReadBody]
2025-01-20T17:40:21.860+01:00  INFO 87614 --- [api-gateway] [           main] [                                                 ] o.s.c.g.r.RouteDefinitionRouteLocator    : Loaded RoutePredicateFactory [RemoteAddr]
2025-01-20T17:40:21.860+01:00  INFO 87614 --- [api-gateway] [           main] [                                                 ] o.s.c.g.r.RouteDefinitionRouteLocator    : Loaded RoutePredicateFactory [XForwardedRemoteAddr]
2025-01-20T17:40:21.860+01:00  INFO 87614 --- [api-gateway] [           main] [                                                 ] o.s.c.g.r.RouteDefinitionRouteLocator    : Loaded RoutePredicateFactory [Weight]
2025-01-20T17:40:21.860+01:00  INFO 87614 --- [api-gateway] [           main] [                                                 ] o.s.c.g.r.RouteDefinitionRouteLocator    : Loaded RoutePredicateFactory [CloudFoundryRouteService]
2025-01-20T17:40:22.171+01:00  INFO 87614 --- [api-gateway] [           main] [                                                 ] o.s.b.a.e.web.EndpointLinksResolver      : Exposing 1 endpoint(s) beneath base path '/actuator'
2025-01-20T17:40:22.316+01:00  INFO 87614 --- [api-gateway] [           main] [                                                 ] DiscoveryClientOptionalArgsConfiguration : Eureka HTTP Client uses RestTemplate.
2025-01-20T17:40:22.327+01:00  WARN 87614 --- [api-gateway] [           main] [                                                 ] iguration$LoadBalancerCaffeineWarnLogger : Spring Cloud LoadBalancer is currently working with the default cache. While this cache implementation is useful for development and tests, it's recommended to use Caffeine cache in production.You can switch to using Caffeine cache, by adding it and org.springframework.cache.caffeine.CaffeineCacheManager to the classpath.
2025-01-20T17:40:22.379+01:00  INFO 87614 --- [api-gateway] [           main] [                                                 ] o.s.s.p.api.ApiGatewayApplicationTests   : Started ApiGatewayApplicationTests in 1.295 seconds (process running for 3.624)
]]></system-out>
  </testcase>
</testsuite>